<?xml version="1.0" encoding="UTF-8"?>
<!-- Generated by org.testng.reporters.JUnitReportReporter -->
<testsuite hostname="DESKTOP-NLT2ISD" failures="0" tests="31" name="com.practo.testRunner.TestNGRunner" time="542.565" errors="0" timestamp="2024-03-07T16:12:22 IST" skipped="0">
  <testcase classname="com.practo.testRunner.TestNGRunner" name="runScenario" time="27.031"/>
  <testcase classname="com.practo.testRunner.TestNGRunner" name="runScenario" time="19.715"/>
  <testcase classname="com.practo.testRunner.TestNGRunner" name="runScenario" time="15.799"/>
  <testcase classname="com.practo.testRunner.TestNGRunner" name="runScenario" time="14.583"/>
  <testcase classname="com.practo.testRunner.TestNGRunner" name="runScenario" time="25.229"/>
  <testcase classname="com.practo.testRunner.TestNGRunner" name="runScenario" time="15.195"/>
  <testcase classname="com.practo.testRunner.TestNGRunner" name="runScenario" time="16.464"/>
  <testcase classname="com.practo.testRunner.TestNGRunner" name="runScenario" time="9.271"/>
  <testcase classname="com.practo.testRunner.TestNGRunner" name="runScenario" time="8.850"/>
  <testcase classname="com.practo.testRunner.TestNGRunner" name="runScenario" time="22.345"/>
  <testcase classname="com.practo.testRunner.TestNGRunner" name="runScenario" time="10.562"/>
  <testcase classname="com.practo.testRunner.TestNGRunner" name="runScenario" time="18.196"/>
  <testcase classname="com.practo.testRunner.TestNGRunner" name="runScenario" time="13.940"/>
  <testcase classname="com.practo.testRunner.TestNGRunner" name="runScenario" time="21.602"/>
  <testcase classname="com.practo.testRunner.TestNGRunner" name="runScenario" time="17.834"/>
  <testcase classname="com.practo.testRunner.TestNGRunner" name="runScenario" time="17.716"/>
  <testcase classname="com.practo.testRunner.TestNGRunner" name="runScenario" time="14.589"/>
  <testcase classname="com.practo.testRunner.TestNGRunner" name="runScenario" time="21.247"/>
  <testcase classname="com.practo.testRunner.TestNGRunner" name="runScenario" time="13.687"/>
  <testcase classname="com.practo.testRunner.TestNGRunner" name="runScenario" time="21.763"/>
  <testcase classname="com.practo.testRunner.TestNGRunner" name="runScenario" time="9.625"/>
  <testcase classname="com.practo.testRunner.TestNGRunner" name="runScenario" time="14.267"/>
  <testcase classname="com.practo.testRunner.TestNGRunner" name="runScenario" time="30.598"/>
  <testcase classname="com.practo.testRunner.TestNGRunner" name="runScenario" time="50.782"/>
  <testcase classname="com.practo.testRunner.TestNGRunner" name="runScenario" time="17.579"/>
  <testcase classname="com.practo.testRunner.TestNGRunner" name="runScenario" time="15.347"/>
  <testcase classname="com.practo.testRunner.TestNGRunner" name="runScenario" time="10.835"/>
  <testcase classname="com.practo.testRunner.TestNGRunner" name="runScenario" time="10.320"/>
  <testcase classname="com.practo.testRunner.TestNGRunner" name="runScenario" time="8.218"/>
  <testcase classname="com.practo.testRunner.TestNGRunner" name="runScenario" time="11.528"/>
  <testcase classname="com.practo.testRunner.TestNGRunner" name="runScenario" time="17.848"/>
</testsuite> <!-- com.practo.testRunner.TestNGRunner -->
