<?xml version="1.0" encoding="UTF-8"?>
<!-- Generated by org.testng.reporters.JUnitReportReporter -->
<testsuite hostname="DESKTOP-NLT2ISD" failures="0" tests="31" name="com.practo.testRunner.TestNGRunner" time="333.846" errors="0" timestamp="2024-02-29T16:21:58 IST" skipped="0">
  <testcase classname="com.practo.testRunner.TestNGRunner" name="runScenario" time="11.912"/>
  <testcase classname="com.practo.testRunner.TestNGRunner" name="runScenario" time="9.989"/>
  <testcase classname="com.practo.testRunner.TestNGRunner" name="runScenario" time="17.072"/>
  <testcase classname="com.practo.testRunner.TestNGRunner" name="runScenario" time="10.799"/>
  <testcase classname="com.practo.testRunner.TestNGRunner" name="runScenario" time="8.406"/>
  <testcase classname="com.practo.testRunner.TestNGRunner" name="runScenario" time="25.264"/>
  <testcase classname="com.practo.testRunner.TestNGRunner" name="runScenario" time="15.164"/>
  <testcase classname="com.practo.testRunner.TestNGRunner" name="runScenario" time="14.163"/>
  <testcase classname="com.practo.testRunner.TestNGRunner" name="runScenario" time="6.124"/>
  <testcase classname="com.practo.testRunner.TestNGRunner" name="runScenario" time="5.020"/>
  <testcase classname="com.practo.testRunner.TestNGRunner" name="runScenario" time="6.865"/>
  <testcase classname="com.practo.testRunner.TestNGRunner" name="runScenario" time="6.966"/>
  <testcase classname="com.practo.testRunner.TestNGRunner" name="runScenario" time="7.113"/>
  <testcase classname="com.practo.testRunner.TestNGRunner" name="runScenario" time="9.831"/>
  <testcase classname="com.practo.testRunner.TestNGRunner" name="runScenario" time="9.766"/>
  <testcase classname="com.practo.testRunner.TestNGRunner" name="runScenario" time="9.449"/>
  <testcase classname="com.practo.testRunner.TestNGRunner" name="runScenario" time="10.300"/>
  <testcase classname="com.practo.testRunner.TestNGRunner" name="runScenario" time="6.174"/>
  <testcase classname="com.practo.testRunner.TestNGRunner" name="runScenario" time="21.431"/>
  <testcase classname="com.practo.testRunner.TestNGRunner" name="runScenario" time="35.589"/>
  <testcase classname="com.practo.testRunner.TestNGRunner" name="runScenario" time="7.447"/>
  <testcase classname="com.practo.testRunner.TestNGRunner" name="runScenario" time="16.148"/>
  <testcase classname="com.practo.testRunner.TestNGRunner" name="runScenario" time="12.179"/>
  <testcase classname="com.practo.testRunner.TestNGRunner" name="runScenario" time="7.058"/>
  <testcase classname="com.practo.testRunner.TestNGRunner" name="runScenario" time="8.420"/>
  <testcase classname="com.practo.testRunner.TestNGRunner" name="runScenario" time="4.402"/>
  <testcase classname="com.practo.testRunner.TestNGRunner" name="runScenario" time="5.182"/>
  <testcase classname="com.practo.testRunner.TestNGRunner" name="runScenario" time="7.049"/>
  <testcase classname="com.practo.testRunner.TestNGRunner" name="runScenario" time="6.964"/>
  <testcase classname="com.practo.testRunner.TestNGRunner" name="runScenario" time="4.719"/>
  <testcase classname="com.practo.testRunner.TestNGRunner" name="runScenario" time="6.881"/>
</testsuite> <!-- com.practo.testRunner.TestNGRunner -->
