<?xml version="1.0" encoding="UTF-8"?>
<!-- Generated by org.testng.reporters.JUnitReportReporter -->
<testsuite hostname="DESKTOP-NLT2ISD" failures="0" tests="31" name="com.practo.testRunner.TestNGRunner" time="323.813" errors="0" timestamp="2024-03-07T13:24:20 IST" skipped="0">
  <testcase classname="com.practo.testRunner.TestNGRunner" name="runScenario" time="6.637"/>
  <testcase classname="com.practo.testRunner.TestNGRunner" name="runScenario" time="14.361"/>
  <testcase classname="com.practo.testRunner.TestNGRunner" name="runScenario" time="5.867"/>
  <testcase classname="com.practo.testRunner.TestNGRunner" name="runScenario" time="4.915"/>
  <testcase classname="com.practo.testRunner.TestNGRunner" name="runScenario" time="14.787"/>
  <testcase classname="com.practo.testRunner.TestNGRunner" name="runScenario" time="38.795"/>
  <testcase classname="com.practo.testRunner.TestNGRunner" name="runScenario" time="4.554"/>
  <testcase classname="com.practo.testRunner.TestNGRunner" name="runScenario" time="15.717"/>
  <testcase classname="com.practo.testRunner.TestNGRunner" name="runScenario" time="6.082"/>
  <testcase classname="com.practo.testRunner.TestNGRunner" name="runScenario" time="6.766"/>
  <testcase classname="com.practo.testRunner.TestNGRunner" name="runScenario" time="8.845"/>
  <testcase classname="com.practo.testRunner.TestNGRunner" name="runScenario" time="12.027"/>
  <testcase classname="com.practo.testRunner.TestNGRunner" name="runScenario" time="9.507"/>
  <testcase classname="com.practo.testRunner.TestNGRunner" name="runScenario" time="13.607"/>
  <testcase classname="com.practo.testRunner.TestNGRunner" name="runScenario" time="5.229"/>
  <testcase classname="com.practo.testRunner.TestNGRunner" name="runScenario" time="14.285"/>
  <testcase classname="com.practo.testRunner.TestNGRunner" name="runScenario" time="7.909"/>
  <testcase classname="com.practo.testRunner.TestNGRunner" name="runScenario" time="4.726"/>
  <testcase classname="com.practo.testRunner.TestNGRunner" name="runScenario" time="6.484"/>
  <testcase classname="com.practo.testRunner.TestNGRunner" name="runScenario" time="7.336"/>
  <testcase classname="com.practo.testRunner.TestNGRunner" name="runScenario" time="7.017"/>
  <testcase classname="com.practo.testRunner.TestNGRunner" name="runScenario" time="6.397"/>
  <testcase classname="com.practo.testRunner.TestNGRunner" name="runScenario" time="8.495"/>
  <testcase classname="com.practo.testRunner.TestNGRunner" name="runScenario" time="13.084"/>
  <testcase classname="com.practo.testRunner.TestNGRunner" name="runScenario" time="28.433"/>
  <testcase classname="com.practo.testRunner.TestNGRunner" name="runScenario" time="7.054"/>
  <testcase classname="com.practo.testRunner.TestNGRunner" name="runScenario" time="4.865"/>
  <testcase classname="com.practo.testRunner.TestNGRunner" name="runScenario" time="8.722"/>
  <testcase classname="com.practo.testRunner.TestNGRunner" name="runScenario" time="10.538"/>
  <testcase classname="com.practo.testRunner.TestNGRunner" name="runScenario" time="8.143"/>
  <testcase classname="com.practo.testRunner.TestNGRunner" name="runScenario" time="12.629"/>
</testsuite> <!-- com.practo.testRunner.TestNGRunner -->
