<?xml version="1.0" encoding="UTF-8"?>
<!-- Generated by org.testng.reporters.JUnitReportReporter -->
<testsuite hostname="DESKTOP-NLT2ISD" failures="0" tests="31" name="com.practo.testRunner.TestNGRunner" time="342.292" errors="0" timestamp="2024-03-07T17:53:32 IST" skipped="0">
  <testcase classname="com.practo.testRunner.TestNGRunner" name="runScenario" time="4.499"/>
  <testcase classname="com.practo.testRunner.TestNGRunner" name="runScenario" time="9.978"/>
  <testcase classname="com.practo.testRunner.TestNGRunner" name="runScenario" time="7.442"/>
  <testcase classname="com.practo.testRunner.TestNGRunner" name="runScenario" time="5.771"/>
  <testcase classname="com.practo.testRunner.TestNGRunner" name="runScenario" time="5.996"/>
  <testcase classname="com.practo.testRunner.TestNGRunner" name="runScenario" time="6.110"/>
  <testcase classname="com.practo.testRunner.TestNGRunner" name="runScenario" time="6.133"/>
  <testcase classname="com.practo.testRunner.TestNGRunner" name="runScenario" time="5.083"/>
  <testcase classname="com.practo.testRunner.TestNGRunner" name="runScenario" time="5.499"/>
  <testcase classname="com.practo.testRunner.TestNGRunner" name="runScenario" time="12.722"/>
  <testcase classname="com.practo.testRunner.TestNGRunner" name="runScenario" time="14.528"/>
  <testcase classname="com.practo.testRunner.TestNGRunner" name="runScenario" time="4.304"/>
  <testcase classname="com.practo.testRunner.TestNGRunner" name="runScenario" time="8.351"/>
  <testcase classname="com.practo.testRunner.TestNGRunner" name="runScenario" time="10.238"/>
  <testcase classname="com.practo.testRunner.TestNGRunner" name="runScenario" time="10.857"/>
  <testcase classname="com.practo.testRunner.TestNGRunner" name="runScenario" time="9.551"/>
  <testcase classname="com.practo.testRunner.TestNGRunner" name="runScenario" time="14.890"/>
  <testcase classname="com.practo.testRunner.TestNGRunner" name="runScenario" time="5.133"/>
  <testcase classname="com.practo.testRunner.TestNGRunner" name="runScenario" time="23.866"/>
  <testcase classname="com.practo.testRunner.TestNGRunner" name="runScenario" time="14.003"/>
  <testcase classname="com.practo.testRunner.TestNGRunner" name="runScenario" time="4.151"/>
  <testcase classname="com.practo.testRunner.TestNGRunner" name="runScenario" time="39.575"/>
  <testcase classname="com.practo.testRunner.TestNGRunner" name="runScenario" time="48.851"/>
  <testcase classname="com.practo.testRunner.TestNGRunner" name="runScenario" time="5.298"/>
  <testcase classname="com.practo.testRunner.TestNGRunner" name="runScenario" time="4.129"/>
  <testcase classname="com.practo.testRunner.TestNGRunner" name="runScenario" time="8.235"/>
  <testcase classname="com.practo.testRunner.TestNGRunner" name="runScenario" time="8.807"/>
  <testcase classname="com.practo.testRunner.TestNGRunner" name="runScenario" time="8.405"/>
  <testcase classname="com.practo.testRunner.TestNGRunner" name="runScenario" time="12.107"/>
  <testcase classname="com.practo.testRunner.TestNGRunner" name="runScenario" time="11.267"/>
  <testcase classname="com.practo.testRunner.TestNGRunner" name="runScenario" time="6.513"/>
</testsuite> <!-- com.practo.testRunner.TestNGRunner -->
